[2025-06-15 06:21:07] Exception: Midtrans API is returning API error. HTTP status code: 404 API response: <!DOCTYPE html>
<html class="no-js">
<head>
    <meta charset="utf-8">

    <!-- Responsive viewport declaration -->
    <meta name="viewport" content="width=device-width, initial-scale=1">
    
    <!-- Cross compatibility -->
    <meta http-equiv="X-UA-Compatible" content="IE=edge,chrome=1">
    <title>Midtrans</title>
    <meta name="description" content=""/>

    <link rel="stylesheet" href="//v2/assets/css/all.css"/>

</head>
<body>
<div class="container">
    <div class="center desc"><p>404</p></div>
    <div class="center click"><h3>
        <a href="#">&#45; Ups &#45;</a>
    </h3></div>
</div>
<footer>
    <p class="center">&copy; <script>document.write(new Date().getFullYear())</script> PT Midtrans. All Rights Reserved</p>
</footer>

</body>
</html>

[2025-06-15 06:23:48] Exception: Midtrans API is returning API error. HTTP status code: 404 API response: <!DOCTYPE html>
<html class="no-js">
<head>
    <meta charset="utf-8">

    <!-- Responsive viewport declaration -->
    <meta name="viewport" content="width=device-width, initial-scale=1">
    
    <!-- Cross compatibility -->
    <meta http-equiv="X-UA-Compatible" content="IE=edge,chrome=1">
    <title>Midtrans</title>
    <meta name="description" content=""/>

    <link rel="stylesheet" href="//v2/assets/css/all.css"/>

</head>
<body>
<div class="container">
    <div class="center desc"><p>404</p></div>
    <div class="center click"><h3>
        <a href="#">&#45; Ups &#45;</a>
    </h3></div>
</div>
<footer>
    <p class="center">&copy; <script>document.write(new Date().getFullYear())</script> PT Midtrans. All Rights Reserved</p>
</footer>

</body>
</html>

[2025-06-15 06:25:05] Raw input: '{}'
[2025-06-15 06:27:25] Raw input: '{}'
[2025-06-15 06:27:26] Exception: Midtrans API is returning API error. HTTP status code: 404 API response: <!DOCTYPE html>
<html class="no-js">
<head>
    <meta charset="utf-8">

    <!-- Responsive viewport declaration -->
    <meta name="viewport" content="width=device-width, initial-scale=1">
    
    <!-- Cross compatibility -->
    <meta http-equiv="X-UA-Compatible" content="IE=edge,chrome=1">
    <title>Midtrans</title>
    <meta name="description" content=""/>

    <link rel="stylesheet" href="//v2/assets/css/all.css"/>

</head>
<body>
<div class="container">
    <div class="center desc"><p>404</p></div>
    <div class="center click"><h3>
        <a href="#">&#45; Ups &#45;</a>
    </h3></div>
</div>
<footer>
    <p class="center">&copy; <script>document.write(new Date().getFullYear())</script> PT Midtrans. All Rights Reserved</p>
</footer>

</body>
</html>

