2025-06-15 10:47:22 - Webhook received: '{}'
2025-06-15 10:47:22 - ERROR: Midtrans API is returning API error. HTTP status code: 404 API response: <!DOCTYPE html>
<html class="no-js">
<head>
    <meta charset="utf-8">

    <!-- Responsive viewport declaration -->
    <meta name="viewport" content="width=device-width, initial-scale=1">
    
    <!-- Cross compatibility -->
    <meta http-equiv="X-UA-Compatible" content="IE=edge,chrome=1">
    <title>Midtrans</title>
    <meta name="description" content=""/>

    <link rel="stylesheet" href="//v2/assets/css/all.css"/>

</head>
<body>
<div class="container">
    <div class="center desc"><p>404</p></div>
    <div class="center click"><h3>
        <a href="#">&#45; Ups &#45;</a>
    </h3></div>
</div>
<footer>
    <p class="center">&copy; <script>document.write(new Date().getFullYear())</script> PT Midtrans. All Rights Reserved</p>
</footer>

</body>
</html>

2025-06-15 11:07:52 - Webhook received: '{test:test}'
2025-06-15 11:07:52 - ERROR: Midtrans API is returning API error. HTTP status code: 404 API response: <!DOCTYPE html>
<html class="no-js">
<head>
    <meta charset="utf-8">

    <!-- Responsive viewport declaration -->
    <meta name="viewport" content="width=device-width, initial-scale=1">
    
    <!-- Cross compatibility -->
    <meta http-equiv="X-UA-Compatible" content="IE=edge,chrome=1">
    <title>Midtrans</title>
    <meta name="description" content=""/>

    <link rel="stylesheet" href="//v2/assets/css/all.css"/>

</head>
<body>
<div class="container">
    <div class="center desc"><p>404</p></div>
    <div class="center click"><h3>
        <a href="#">&#45; Ups &#45;</a>
    </h3></div>
</div>
<footer>
    <p class="center">&copy; <script>document.write(new Date().getFullYear())</script> PT Midtrans. All Rights Reserved</p>
</footer>

</body>
</html>

2025-06-15 11:11:35 - Webhook received: '{test:test}'
2025-06-15 11:11:35 - ERROR: Midtrans API is returning API error. HTTP status code: 404 API response: <!DOCTYPE html>
<html class="no-js">
<head>
    <meta charset="utf-8">

    <!-- Responsive viewport declaration -->
    <meta name="viewport" content="width=device-width, initial-scale=1">
    
    <!-- Cross compatibility -->
    <meta http-equiv="X-UA-Compatible" content="IE=edge,chrome=1">
    <title>Midtrans</title>
    <meta name="description" content=""/>

    <link rel="stylesheet" href="//v2/assets/css/all.css"/>

</head>
<body>
<div class="container">
    <div class="center desc"><p>404</p></div>
    <div class="center click"><h3>
        <a href="#">&#45; Ups &#45;</a>
    </h3></div>
</div>
<footer>
    <p class="center">&copy; <script>document.write(new Date().getFullYear())</script> PT Midtrans. All Rights Reserved</p>
</footer>

</body>
</html>

2025-06-15 11:12:14 - Webhook received: 
2025-06-15 11:12:14 - ERROR: Midtrans API is returning API error. HTTP status code: 404 API response: <!DOCTYPE html>
<html class="no-js">
<head>
    <meta charset="utf-8">

    <!-- Responsive viewport declaration -->
    <meta name="viewport" content="width=device-width, initial-scale=1">
    
    <!-- Cross compatibility -->
    <meta http-equiv="X-UA-Compatible" content="IE=edge,chrome=1">
    <title>Midtrans</title>
    <meta name="description" content=""/>

    <link rel="stylesheet" href="//v2/assets/css/all.css"/>

</head>
<body>
<div class="container">
    <div class="center desc"><p>404</p></div>
    <div class="center click"><h3>
        <a href="#">&#45; Ups &#45;</a>
    </h3></div>
</div>
<footer>
    <p class="center">&copy; <script>document.write(new Date().getFullYear())</script> PT Midtrans. All Rights Reserved</p>
</footer>

</body>
</html>

2025-06-15 11:12:25 - Webhook received: 
2025-06-15 11:12:25 - ERROR: Midtrans API is returning API error. HTTP status code: 404 API response: <!DOCTYPE html>
<html class="no-js">
<head>
    <meta charset="utf-8">

    <!-- Responsive viewport declaration -->
    <meta name="viewport" content="width=device-width, initial-scale=1">
    
    <!-- Cross compatibility -->
    <meta http-equiv="X-UA-Compatible" content="IE=edge,chrome=1">
    <title>Midtrans</title>
    <meta name="description" content=""/>

    <link rel="stylesheet" href="//v2/assets/css/all.css"/>

</head>
<body>
<div class="container">
    <div class="center desc"><p>404</p></div>
    <div class="center click"><h3>
        <a href="#">&#45; Ups &#45;</a>
    </h3></div>
</div>
<footer>
    <p class="center">&copy; <script>document.write(new Date().getFullYear())</script> PT Midtrans. All Rights Reserved</p>
</footer>

</body>
</html>

2025-06-15 11:12:43 - Webhook received: 
2025-06-15 11:12:43 - ERROR: Midtrans API is returning API error. HTTP status code: 404 API response: <!DOCTYPE html>
<html class="no-js">
<head>
    <meta charset="utf-8">

    <!-- Responsive viewport declaration -->
    <meta name="viewport" content="width=device-width, initial-scale=1">
    
    <!-- Cross compatibility -->
    <meta http-equiv="X-UA-Compatible" content="IE=edge,chrome=1">
    <title>Midtrans</title>
    <meta name="description" content=""/>

    <link rel="stylesheet" href="//v2/assets/css/all.css"/>

</head>
<body>
<div class="container">
    <div class="center desc"><p>404</p></div>
    <div class="center click"><h3>
        <a href="#">&#45; Ups &#45;</a>
    </h3></div>
</div>
<footer>
    <p class="center">&copy; <script>document.write(new Date().getFullYear())</script> PT Midtrans. All Rights Reserved</p>
</footer>

</body>
</html>

2025-06-15 11:14:10 - Webhook received: {"transaction_status":"settlement","fraud_status":"accept","order_id":"TRX-32-1749977301"}
2025-06-15 11:14:10 - ERROR: Midtrans API is returning API error. HTTP status code: 404 API response: <!DOCTYPE html>
<html class="no-js">
<head>
    <meta charset="utf-8">

    <!-- Responsive viewport declaration -->
    <meta name="viewport" content="width=device-width, initial-scale=1">
    
    <!-- Cross compatibility -->
    <meta http-equiv="X-UA-Compatible" content="IE=edge,chrome=1">
    <title>Midtrans</title>
    <meta name="description" content=""/>

    <link rel="stylesheet" href="//v2/assets/css/all.css"/>

</head>
<body>
<div class="container">
    <div class="center desc"><p>404</p></div>
    <div class="center click"><h3>
        <a href="#">&#45; Ups &#45;</a>
    </h3></div>
</div>
<footer>
    <p class="center">&copy; <script>document.write(new Date().getFullYear())</script> PT Midtrans. All Rights Reserved</p>
</footer>

</body>
</html>

2025-06-15 11:15:14 - Webhook received: {"transaction_status":"settlement","fraud_status":"accept","order_id":"TRX-32-1749977301","transaction_id":"1749977301"}
2025-06-15 11:15:14 - ERROR: Midtrans API is returning API error. HTTP status code: 404 API response: {"status_code":"404","status_message":"Transaction doesn't exist.","id":"16ec786f-331a-4980-9acc-73442d28a239"}
2025-06-15 11:18:01 - Webhook received: {
    "transaction_status": "settlement",
    "order_id": "TRX-34-1749978325",
    "transaction_id": "8cd60a00-f92a-4447-9c62-6c7ef8275b4e",
    "fraud_status": "accept",
    "payment_type": "bank_transfer",
    "gross_amount": "20000.00",
    "status_code": "200"
  }
Order ID: TRX-34-1749978325 | Parsed id_transaksi: 34
Update sukses: status=lunas untuk id_transaksi=34
2025-06-15 12:02:06 - Webhook received: {
    "transaction_status": "settlement",
    "order_id": "TRX-36-1749981408",
    "transaction_id": "9b616e5d-e07d-43d7-9227-66cc83640b3c",
    "fraud_status": "accept",
    "payment_type": "bank_transfer",
    "gross_amount": "20000.00",
    "status_code": "200"
  }
Order ID: TRX-36-1749981408 | Parsed id_transaksi: 36
Update sukses: status=lunas untuk id_transaksi=36
2025-06-15 12:15:57 - Webhook received: {
    "transaction_status": "settlement",
    "order_id": "TRX-38-1749982266",
    "transaction_id": "5bdc1fd7-d489-4318-97f9-b75c4dc89f4b",
    "fraud_status": "accept",
    "payment_type": "bank_transfer",
    "gross_amount": "20000.00",
    "status_code": "200"
  }
Order ID: TRX-38-1749982266 | Parsed id_transaksi: 38
Update sukses: status=lunas untuk id_transaksi=38
2025-06-16 05:37:58 - Webhook received: {"transaction_time":"2023-11-15 18:45:13","transaction_status":"settlement","transaction_id":"513f1f01-c9da-474c-9fc9-d5c64364b709","status_message":"midtrans payment notification","status_code":"200","signature_key":"6c274becef5c2f828bb36683f709002ede9278ed6611d037aa9adccfc1d8293105215aa388f67d7de7fa40d0c8bca4c98e8a823d4adea3c4f16bd4272cc616fe","settlement_time":"2023-11-15 22:45:13","payment_type":"gopay","order_id":"payment_notif_test_G931618194_492971de-2e90-4358-a5ce-1ae57ff024fd","merchant_id":"G931618194","gross_amount":"105000.00","fraud_status":"accept","currency":"IDR"}
2025-06-16 05:37:58 - Invalid signature: expected=6c274becef5c2f828bb36683f709002ede9278ed6611d037aa9adccfc1d8293105215aa388f67d7de7fa40d0c8bca4c98e8a823d4adea3c4f16bd4272cc616fe, received=
2025-06-16 06:13:37 - Webhook received: {"transaction_time":"2023-11-15 18:45:13","transaction_status":"settlement","transaction_id":"513f1f01-c9da-474c-9fc9-d5c64364b709","status_message":"midtrans payment notification","status_code":"200","signature_key":"6c274becef5c2f828bb36683f709002ede9278ed6611d037aa9adccfc1d8293105215aa388f67d7de7fa40d0c8bca4c98e8a823d4adea3c4f16bd4272cc616fe","settlement_time":"2023-11-15 22:45:13","payment_type":"gopay","order_id":"payment_notif_test_G931618194_492971de-2e90-4358-a5ce-1ae57ff024fd","merchant_id":"G931618194","gross_amount":"105000.00","fraud_status":"accept","currency":"IDR"}
2025-06-16 06:13:37 - Invalid signature: expected=6c274becef5c2f828bb36683f709002ede9278ed6611d037aa9adccfc1d8293105215aa388f67d7de7fa40d0c8bca4c98e8a823d4adea3c4f16bd4272cc616fe, received=
2025-06-16 06:13:38 - Webhook received: {"transaction_time":"2023-11-15 18:45:13","transaction_status":"settlement","transaction_id":"513f1f01-c9da-474c-9fc9-d5c64364b709","status_message":"midtrans payment notification","status_code":"200","signature_key":"6c274becef5c2f828bb36683f709002ede9278ed6611d037aa9adccfc1d8293105215aa388f67d7de7fa40d0c8bca4c98e8a823d4adea3c4f16bd4272cc616fe","settlement_time":"2023-11-15 22:45:13","payment_type":"gopay","order_id":"payment_notif_test_G931618194_492971de-2e90-4358-a5ce-1ae57ff024fd","merchant_id":"G931618194","gross_amount":"105000.00","fraud_status":"accept","currency":"IDR"}
2025-06-16 06:13:38 - Invalid signature: expected=6c274becef5c2f828bb36683f709002ede9278ed6611d037aa9adccfc1d8293105215aa388f67d7de7fa40d0c8bca4c98e8a823d4adea3c4f16bd4272cc616fe, received=
2025-06-16 06:43:53 - Webhook received: {
  "order_id": "TRX-46-1750044275",
  "status_code": "200",
  "gross_amount": "100000",
  "transaction_status": "settlement",
  "fraud_status": "accept"
}
2025-06-16 06:43:53 - Invalid signature: expected=27829e872add380a0a45aad5e799807591bf6507eb7c66bf47534e2f53b5b705e5cbd5e5e9f907fd850af9e45d5618bbf3ccfdc3ee6b2c497c6d1b2dd07c30bc, received=<SIGNATURE_YANG_BENAR>
2025-06-16 20:51:54 - Webhook received: {"transaction_type":"off-us","transaction_time":"2025-06-17 01:51:53","transaction_status":"pending","transaction_id":"7ad4d67c-6c09-4d52-a533-264a970880a3","status_message":"midtrans payment notification","status_code":"201","signature_key":"196e4e7837763de50fccec2f291be8bac9fe06d29723e575a0f482849c95e46d470e0da7a205cfa26e51efcb13bcd3a554516bd1beb43400eacfa5d626383faf","payment_type":"qris","order_id":"TRX-52-1750099908","merchant_id":"G931618194","gross_amount":"10000.00","fraud_status":"accept","expiry_time":"2025-06-17 02:06:53","currency":"IDR"}
2025-06-16 20:51:54 - Invalid signature: expected=196e4e7837763de50fccec2f291be8bac9fe06d29723e575a0f482849c95e46d470e0da7a205cfa26e51efcb13bcd3a554516bd1beb43400eacfa5d626383faf, received=
2025-06-16 20:54:10 - Webhook received: {"transaction_type":"off-us","transaction_time":"2025-06-17 01:51:53","transaction_status":"pending","transaction_id":"7ad4d67c-6c09-4d52-a533-264a970880a3","status_message":"midtrans payment notification","status_code":"201","signature_key":"196e4e7837763de50fccec2f291be8bac9fe06d29723e575a0f482849c95e46d470e0da7a205cfa26e51efcb13bcd3a554516bd1beb43400eacfa5d626383faf","payment_type":"qris","order_id":"TRX-52-1750099908","merchant_id":"G931618194","gross_amount":"10000.00","fraud_status":"accept","expiry_time":"2025-06-17 02:06:53","currency":"IDR"}
2025-06-16 20:54:10 - Invalid signature: expected=196e4e7837763de50fccec2f291be8bac9fe06d29723e575a0f482849c95e46d470e0da7a205cfa26e51efcb13bcd3a554516bd1beb43400eacfa5d626383faf, received=
2025-06-16 20:58:11 - Webhook received: {"transaction_type":"off-us","transaction_time":"2025-06-17 01:51:53","transaction_status":"pending","transaction_id":"7ad4d67c-6c09-4d52-a533-264a970880a3","status_message":"midtrans payment notification","status_code":"201","signature_key":"196e4e7837763de50fccec2f291be8bac9fe06d29723e575a0f482849c95e46d470e0da7a205cfa26e51efcb13bcd3a554516bd1beb43400eacfa5d626383faf","payment_type":"qris","order_id":"TRX-52-1750099908","merchant_id":"G931618194","gross_amount":"10000.00","fraud_status":"accept","expiry_time":"2025-06-17 02:06:53","currency":"IDR"}
2025-06-16 20:58:11 - Invalid signature: expected=196e4e7837763de50fccec2f291be8bac9fe06d29723e575a0f482849c95e46d470e0da7a205cfa26e51efcb13bcd3a554516bd1beb43400eacfa5d626383faf, received=
